-------------------------------------------------------------------------------
Test set: com.esiea.tp4A.domain.impl.MarsRoverImplTest
-------------------------------------------------------------------------------
Tests run: 2, Failures: 1, Errors: 0, Skipped: 0, Time elapsed: 0.107 s <<< FAILURE! - in com.esiea.tp4A.domain.impl.MarsRoverImplTest
testInitialize{int, int, int}[2]  Time elapsed: 0.105 s  <<< FAILURE!
org.opentest4j.AssertionFailedError: expected: <4> but was: <7>
	at com.esiea.tp4A.domain.impl.MarsRoverImplTest.testInitialize(MarsRoverImplTest.java:16)

